<?xml version="1.0" encoding="UTF-8"?>
<testsuite xmlns:xsi="http://www.w3.org/2001/XMLSchema-instance" xsi:noNamespaceSchemaLocation="https://maven.apache.org/surefire/maven-surefire-plugin/xsd/surefire-test-report.xsd" name="com.api.automation.scripts.OAuthTest" time="35.433" tests="10" errors="0" skipped="2" failures="0">
  <properties>
    <property name="java.vendor" value="Oracle Corporation"/>
    <property name="JOB_NAME" value="ZAPPY_Automation_Demo"/>
    <property name="PWD" value="/Users/madanmohanpeddagouni/Documents/Jenkins"/>
    <property name="sun.java.launcher" value="SUN_STANDARD"/>
    <property name="sun.management.compiler" value="HotSpot 64-Bit Tiered Compilers"/>
    <property name="JENKINS_HOME" value="/Users/madanmohanpeddagouni/.jenkins"/>
    <property name="PATH" value="/Library/Java/JavaVirtualMachines/jdk1.8.0_111.jdk/Contents/Home/bin:/usr/local/bin:/usr/bin:/bin:/usr/sbin:/sbin:/Library/Frameworks/Mono.framework/Versions/Current/Commands:/Users/madanmohanpeddagouni/Documents/Maven/apache-maven-3.3.3/bin:/Library/Java/JavaVirtualMachines/jdk1.8.0_111/Contents/Home:/Users/madanmohanpeddagouni/Documents/Android_sdk/tools:/Users/madanmohanpeddagouni/Documents/Android_sdk/platform-tools"/>
    <property name="HUDSON_SERVER_COOKIE" value="945f960bb273d3a6"/>
    <property name="os.name" value="Mac OS X"/>
    <property name="TERM_PROGRAM" value="Apple_Terminal"/>
    <property name="sun.boot.class.path" value="/Library/Java/JavaVirtualMachines/jdk1.8.0_111.jdk/Contents/Home/jre/lib/resources.jar:/Library/Java/JavaVirtualMachines/jdk1.8.0_111.jdk/Contents/Home/jre/lib/rt.jar:/Library/Java/JavaVirtualMachines/jdk1.8.0_111.jdk/Contents/Home/jre/lib/sunrsasign.jar:/Library/Java/JavaVirtualMachines/jdk1.8.0_111.jdk/Contents/Home/jre/lib/jsse.jar:/Library/Java/JavaVirtualMachines/jdk1.8.0_111.jdk/Contents/Home/jre/lib/jce.jar:/Library/Java/JavaVirtualMachines/jdk1.8.0_111.jdk/Contents/Home/jre/lib/charsets.jar:/Library/Java/JavaVirtualMachines/jdk1.8.0_111.jdk/Contents/Home/jre/lib/jfr.jar:/Library/Java/JavaVirtualMachines/jdk1.8.0_111.jdk/Contents/Home/jre/classes"/>
    <property name="EXECUTOR_NUMBER" value="1"/>
    <property name="TERM_SESSION_ID" value="11CE2590-2E48-4E87-AFA8-5765F7D89520"/>
    <property name="user.country.format" value="IN"/>
    <property name="java.vm.specification.vendor" value="Oracle Corporation"/>
    <property name="NODE_LABELS" value="master"/>
    <property name="java.runtime.version" value="1.8.0_111-b14"/>
    <property name="user.name" value="madanmohanpeddagouni"/>
    <property name="guice.disable.misplaced.annotation.check" value="true"/>
    <property name="user.language" value="en"/>
    <property name="RUN_CHANGES_DISPLAY_URL" value="http://localhost:9090/job/ZAPPY_Automation_Demo/1/display/redirect?page=changes"/>
    <property name="BUILD_DISPLAY_NAME" value="#1"/>
    <property name="TMPDIR" value="/var/folders/3q/x3mpd_b13_75fqqzdk8vl2_00000gp/T/"/>
    <property name="sun.boot.library.path" value="/Library/Java/JavaVirtualMachines/jdk1.8.0_111.jdk/Contents/Home/jre/lib"/>
    <property name="java.version" value="1.8.0_111"/>
    <property name="XPC_FLAGS" value="0x0"/>
    <property name="user.timezone" value="Asia/Kolkata"/>
    <property name="sun.arch.data.model" value="64"/>
    <property name="NODE_NAME" value="master"/>
    <property name="TERM" value="xterm-256color"/>
    <property name="http.nonProxyHosts" value="local|*.local|169.254/16|*.169.254/16"/>
    <property name="java.endorsed.dirs" value="/Library/Java/JavaVirtualMachines/jdk1.8.0_111.jdk/Contents/Home/jre/lib/endorsed"/>
    <property name="BUILD_ID" value="1"/>
    <property name="sun.cpu.isalist" value=""/>
    <property name="sun.jnu.encoding" value="UTF-8"/>
    <property name="file.encoding.pkg" value="sun.io"/>
    <property name="SHELL" value="/bin/bash"/>
    <property name="file.separator" value="/"/>
    <property name="java.specification.name" value="Java Platform API Specification"/>
    <property name="java.class.version" value="52.0"/>
    <property name="org.slf4j.simpleLogger.defaultLogLevel" value="info"/>
    <property name="user.country" value="US"/>
    <property name="java.home" value="/Library/Java/JavaVirtualMachines/jdk1.8.0_111.jdk/Contents/Home/jre"/>
    <property name="java.vm.info" value="mixed mode"/>
    <property name="os.version" value="10.11.6"/>
    <property name="RUN_DISPLAY_URL" value="http://localhost:9090/job/ZAPPY_Automation_Demo/1/display/redirect"/>
    <property name="sun.font.fontmanager" value="sun.font.CFontManager"/>
    <property name="path.separator" value=":"/>
    <property name="java.vm.version" value="25.111-b14"/>
    <property name="JOB_DISPLAY_URL" value="http://localhost:9090/job/ZAPPY_Automation_Demo/display/redirect"/>
    <property name="SHLVL" value="1"/>
    <property name="_" value="/Library/Java/JavaVirtualMachines/jdk1.8.0_111.jdk/Contents/Home/bin/java"/>
    <property name="java.awt.printerjob" value="sun.lwawt.macosx.CPrinterJob"/>
    <property name="JAVA_HOME" value="/Library/Java/JavaVirtualMachines/jdk1.8.0_111.jdk/Contents/Home"/>
    <property name="sun.io.unicode.encoding" value="UnicodeBig"/>
    <property name="awt.toolkit" value="sun.lwawt.macosx.LWCToolkit"/>
    <property name="LOGNAME" value="madanmohanpeddagouni"/>
    <property name="socksNonProxyHosts" value="local|*.local|169.254/16|*.169.254/16"/>
    <property name="ftp.nonProxyHosts" value="local|*.local|169.254/16|*.169.254/16"/>
    <property name="HOME" value="/Users/madanmohanpeddagouni"/>
    <property name="user.home" value="/Users/madanmohanpeddagouni"/>
    <property name="BUILD_TAG" value="jenkins-ZAPPY_Automation_Demo-1"/>
    <property name="JENKINS_SERVER_COOKIE" value="945f960bb273d3a6"/>
    <property name="HUDSON_URL" value="http://localhost:9090/"/>
    <property name="XPC_SERVICE_NAME" value="0"/>
    <property name="java.specification.vendor" value="Oracle Corporation"/>
    <property name="CLASSPATH" value=""/>
    <property name="java.library.path" value="/Users/madanmohanpeddagouni/Library/Java/Extensions:/Library/Java/Extensions:/Network/Library/Java/Extensions:/System/Library/Java/Extensions:/usr/lib/java:."/>
    <property name="java.vendor.url" value="http://java.oracle.com/"/>
    <property name="Apple_PubSub_Socket_Render" value="/private/tmp/com.apple.launchd.T35oPhpXR6/Render"/>
    <property name="gopherProxySet" value="false"/>
    <property name="java.vm.vendor" value="Oracle Corporation"/>
    <property name="java.runtime.name" value="Java(TM) SE Runtime Environment"/>
    <property name="maven.home" value="/Users/madanmohanpeddagouni/.jenkins/tools/hudson.tasks.Maven_MavenInstallation/MAVEN_HOME"/>
    <property name="java.class.path" value="/Users/madanmohanpeddagouni/.jenkins/plugins/maven-plugin/WEB-INF/lib/maven31-agent-1.5.jar:/Users/madanmohanpeddagouni/.jenkins/tools/hudson.tasks.Maven_MavenInstallation/MAVEN_HOME/boot/plexus-classworlds-2.5.2.jar:/Users/madanmohanpeddagouni/.jenkins/tools/hudson.tasks.Maven_MavenInstallation/MAVEN_HOME/conf/logging"/>
    <property name="sun.java.command" value="jenkins.maven3.agent.Maven31Main /Users/madanmohanpeddagouni/.jenkins/tools/hudson.tasks.Maven_MavenInstallation/MAVEN_HOME /Users/madanmohanpeddagouni/.jenkins/war/WEB-INF/lib/remoting-2.59.jar /Users/madanmohanpeddagouni/.jenkins/plugins/maven-plugin/WEB-INF/lib/maven31-interceptor-1.5.jar /Users/madanmohanpeddagouni/.jenkins/plugins/maven-plugin/WEB-INF/lib/maven3-interceptor-commons-1.5.jar 51021"/>
    <property name="java.vm.specification.name" value="Java Virtual Machine Specification"/>
    <property name="java.vm.specification.version" value="1.8"/>
    <property name="sun.os.patch.level" value="unknown"/>
    <property name="sun.cpu.endian" value="little"/>
    <property name="M2_HOME" value="/Users/madanmohanpeddagouni/.jenkins/tools/hudson.tasks.Maven_MavenInstallation/MAVEN_HOME"/>
    <property name="java.io.tmpdir" value="/var/folders/3q/x3mpd_b13_75fqqzdk8vl2_00000gp/T/"/>
    <property name="HUDSON_HOME" value="/Users/madanmohanpeddagouni/.jenkins"/>
    <property name="PATH+MAVEN" value="/Users/madanmohanpeddagouni/.jenkins/tools/hudson.tasks.Maven_MavenInstallation/MAVEN_HOME/bin"/>
    <property name="BUILD_URL" value="http://localhost:9090/job/ZAPPY_Automation_Demo/1/"/>
    <property name="java.vendor.url.bug" value="http://bugreport.sun.com/bugreport/"/>
    <property name="OLDPWD" value="/Users/madanmohanpeddagouni/Documents"/>
    <property name="SSH_AUTH_SOCK" value="/private/tmp/com.apple.launchd.kqxF1MGgRn/Listeners"/>
    <property name="LC_CTYPE" value="UTF-8"/>
    <property name="java.awt.graphicsenv" value="sun.awt.CGraphicsEnvironment"/>
    <property name="os.arch" value="x86_64"/>
    <property name="java.ext.dirs" value="/Users/madanmohanpeddagouni/Library/Java/Extensions:/Library/Java/JavaVirtualMachines/jdk1.8.0_111.jdk/Contents/Home/jre/lib/ext:/Library/Java/Extensions:/Network/Library/Java/Extensions:/System/Library/Java/Extensions:/usr/lib/java"/>
    <property name="__CF_USER_TEXT_ENCODING" value="0x1F6:0x0:0x0"/>
    <property name="user.dir" value="/Users/madanmohanpeddagouni/Documents/Cigniti_POC/Cigniti_POC"/>
    <property name="JOB_URL" value="http://localhost:9090/job/ZAPPY_Automation_Demo/"/>
    <property name="line.separator" value="&#10;"/>
    <property name="MAVEN_HOME" value="/Users/madanmohanpeddagouni/.jenkins/tools/hudson.tasks.Maven_MavenInstallation/MAVEN_HOME"/>
    <property name="java.vm.name" value="Java HotSpot(TM) 64-Bit Server VM"/>
    <property name="BUILD_NUMBER" value="1"/>
    <property name="ANDROID_HOME" value="/Users/madanmohanpeddagouni/Documents/Android_sdk"/>
    <property name="JENKINS_URL" value="http://localhost:9090/"/>
    <property name="TERM_PROGRAM_VERSION" value="361.1"/>
    <property name="JAVA_MAIN_CLASS_22601" value="Main"/>
    <property name="file.encoding" value="UTF-8"/>
    <property name="maven3.interceptor" value="/Users/madanmohanpeddagouni/.jenkins/plugins/maven-plugin/WEB-INF/lib/maven31-interceptor-1.5.jar"/>
    <property name="WORKSPACE" value="/Users/madanmohanpeddagouni/.jenkins/jobs/ZAPPY_Automation_Demo/workspace"/>
    <property name="maven3.interceptor.common" value="/Users/madanmohanpeddagouni/.jenkins/plugins/maven-plugin/WEB-INF/lib/maven3-interceptor-commons-1.5.jar"/>
    <property name="java.specification.version" value="1.8"/>
    <property name="USER" value="madanmohanpeddagouni"/>
  </properties>
  <testcase name="testA_oAuth2" classname="com.api.automation.scripts.OAuthTest" time="4.474"/>
  <testcase name="testB_getLists" classname="com.api.automation.scripts.OAuthTest" time="1.173"/>
  <testcase name="testC_createList" classname="com.api.automation.scripts.OAuthTest" time="4.497"/>
  <testcase name="testD_createTask" classname="com.api.automation.scripts.OAuthTest" time="2.475"/>
  <testcase name="testE_fileUploadToTask" classname="com.api.automation.scripts.OAuthTest" time="13.278"/>
  <testcase name="testF_EditTask" classname="com.api.automation.scripts.OAuthTest" time="2.578"/>
  <testcase name="testG_DeleteTask" classname="com.api.automation.scripts.OAuthTest" time="2.456"/>
  <testcase name="testH_EditList" classname="com.api.automation.scripts.OAuthTest" time="0">
    <skipped/>
  </testcase>
  <testcase name="testI_FolderAPIs" classname="com.api.automation.scripts.OAuthTest" time="4.447"/>
  <testcase name="testJ_DeleteList" classname="com.api.automation.scripts.OAuthTest" time="0">
    <skipped/>
  </testcase>
</testsuite>