<?xml version="1.0" encoding="UTF-8"?>
<!-- Generated by org.testng.reporters.JUnitReportReporter -->
<testsuite hostname="HW1430" name="com.web.poc.script.ZAPPY_Automation_Demo1" tests="1" failures="0" timestamp="21 Aug 2017 06:09:09 GMT" time="50.653" errors="1">
  <testcase name="ZAPPY_Automation_Demo" time="50.653" classname="com.web.poc.script.ZAPPY_Automation_Demo1">
    <error type="java.lang.AssertionError" message="Browser Unreachable twice. Exception message: Could not start a new session. Possible causes are invalid address of the remote server or browser start-up failure.
Build info: version: &#039;unknown&#039;, revision: &#039;f233563&#039;, time: &#039;2016-07-28 17:43:42 -0700&#039;
System info: host: &#039;HW1430&#039;, ip: &#039;10.62.66.45&#039;, os.name: &#039;Windows 8.1&#039;, os.arch: &#039;amd64&#039;, os.version: &#039;6.3&#039;, java.version: &#039;1.8.0_144&#039;
Driver info: driver.version: RemoteWebDriver">
      <![CDATA[java.lang.AssertionError: Browser Unreachable twice. Exception message: Could not start a new session. Possible causes are invalid address of the remote server or browser start-up failure.
Build info: version: 'unknown', revision: 'f233563', time: '2016-07-28 17:43:42 -0700'
System info: host: 'HW1430', ip: '10.62.66.45', os.name: 'Windows 8.1', os.arch: 'amd64', os.version: '6.3', java.version: '1.8.0_144'
Driver info: driver.version: RemoteWebDriver
	at org.testng.Assert.fail(Assert.java:94)
	at com.web.automation.accelerators.ActionsLibrary.instantiateDriver(ActionsLibrary.java:1485)
	at com.web.automation.accelerators.ActionsLibrary.instantiateDriver(ActionsLibrary.java:1480)
	at com.web.automation.accelerators.TestEngineWeb.beforeClass(TestEngineWeb.java:867)
	at sun.reflect.NativeMethodAccessorImpl.invoke0(Native Method)
	at sun.reflect.NativeMethodAccessorImpl.invoke(Unknown Source)
	at sun.reflect.DelegatingMethodAccessorImpl.invoke(Unknown Source)
	at java.lang.reflect.Method.invoke(Unknown Source)
	at org.testng.internal.MethodInvocationHelper.invokeMethod(MethodInvocationHelper.java:86)
	at org.testng.internal.Invoker.invokeConfigurationMethod(Invoker.java:514)
	at org.testng.internal.Invoker.invokeConfigurations(Invoker.java:215)
	at org.testng.internal.Invoker.invokeConfigurations(Invoker.java:142)
	at org.testng.internal.TestMethodWorker.invokeBeforeClassMethods(TestMethodWorker.java:178)
	at org.testng.internal.TestMethodWorker.run(TestMethodWorker.java:108)
	at org.testng.TestRunner.privateRun(TestRunner.java:782)
	at org.testng.TestRunner.run(TestRunner.java:632)
	at org.testng.SuiteRunner.runTest(SuiteRunner.java:366)
	at org.testng.SuiteRunner.runSequentially(SuiteRunner.java:361)
	at org.testng.SuiteRunner.privateRun(SuiteRunner.java:319)
	at org.testng.SuiteRunner.run(SuiteRunner.java:268)
	at org.testng.SuiteRunnerWorker.runSuite(SuiteRunnerWorker.java:52)
	at org.testng.SuiteRunnerWorker.run(SuiteRunnerWorker.java:86)
	at org.testng.TestNG.runSuitesSequentially(TestNG.java:1244)
	at org.testng.TestNG.runSuitesLocally(TestNG.java:1169)
	at org.testng.TestNG.run(TestNG.java:1064)
	at org.testng.remote.AbstractRemoteTestNG.run(AbstractRemoteTestNG.java:132)
	at org.testng.remote.RemoteTestNG.initAndRun(RemoteTestNG.java:230)
	at org.testng.remote.RemoteTestNG.main(RemoteTestNG.java:76)
]]>
    </error>
  </testcase> <!-- ZAPPY_Automation_Demo -->
</testsuite> <!-- com.web.poc.script.ZAPPY_Automation_Demo1 -->
