<?xml version="1.0" encoding="UTF-8"?>
<!-- Generated by org.testng.reporters.JUnitReportReporter -->
<testsuite hostname="HW1430" name="com.web.poc.script.ZAPPY_Automation_Demo" tests="1" failures="0" timestamp="21 Aug 2017 07:38:54 GMT" time="174.980" errors="0">
  <testcase name="ZAPPY_Automation_Demo" time="174.980" classname="com.web.poc.script.ZAPPY_Automation_Demo"/>
</testsuite> <!-- com.web.poc.script.ZAPPY_Automation_Demo -->
