<?xml version="1.0" encoding="UTF-8"?>
<!-- Generated by org.testng.reporters.JUnitReportReporter -->
<testsuite hostname="HW1430" name="com.web.poc.script.AgilityCIS_Automation_Demo" tests="1" failures="0" timestamp="21 Aug 2017 09:23:54 GMT" time="170.787" errors="0">
  <testcase name="AgilityCIS_Automation_Demo" time="170.787" classname="com.web.poc.script.AgilityCIS_Automation_Demo"/>
</testsuite> <!-- com.web.poc.script.AgilityCIS_Automation_Demo -->
