<?xml version="1.0" encoding="UTF-8"?>
<!-- Generated by org.testng.reporters.JUnitReportReporter -->
<testsuite hostname="CTLINLP-0894.local" name="com.web.poc.script.ZAPPY_Automation_Demo" tests="1" failures="0" timestamp="17 Aug 2017 19:34:37 GMT" time="156.886" errors="0">
  <testcase name="ZAPPY_Automation_Demo" time="156.886" classname="com.web.poc.script.ZAPPY_Automation_Demo"/>
</testsuite> <!-- com.web.poc.script.ZAPPY_Automation_Demo -->
